#
# A fatal error has been detected by the Java Runtime Environment:
#
#  EXCEPTION_ACCESS_VIOLATION (0xc0000005) at pc=0x0000000059fba0e0, pid=3380, tid=4288
#
# JRE version: Java(TM) SE Runtime Environment (8.0_77-b03) (build 1.8.0_77-b03)
# Java VM: Java HotSpot(TM) 64-Bit Server VM (25.77-b03 mixed mode windows-amd64 compressed oops)
# Problematic frame:
# V  [jvm.dll+0x1aa0e0]
#
# Failed to write core dump. Minidumps are not enabled by default on client versions of Windows
#
# If you would like to submit a bug report, please visit:
#   http://bugreport.java.com/bugreport/crash.jsp
#

---------------  T H R E A D  ---------------

Current thread (0x0000000054d27000):  JavaThread "JDWP Transport Listener: dt_socket" daemon [_thread_in_vm, id=4288, stack(0x0000000056000000,0x0000000056100000)]

siginfo: ExceptionCode=0xc0000005, writing address 0x00000000a8702750

Registers:
RAX=0x00000000571e9a48, RBX=0x000000000a120900, RCX=0x0000000054d2e4b0, RDX=0x0000000000000001
RSP=0x00000000560ff340, RBP=0x00000000560ff488, RSI=0x00000000143faa78, RDI=0x000000000000000b
R8 =0x0000000054d2d600, R9 =0x0000000000000001, R10=0x0000000000000000, R11=0x00000000571e9a48
R12=0x0000000057dfdf50, R13=0x00000000560ff440, R14=0x00000000560ff488, R15=0x000000000000000d
RIP=0x0000000059fba0e0, EFLAGS=0x0000000000010202

Top of Stack: (sp=0x00000000560ff340)
0x00000000560ff340:   000000000a120900 00000000560ff488
0x00000000560ff350:   00000000143faa78 000000005a830c18
0x00000000560ff360:   0000000054d27000 0000000054d27d40
0x00000000560ff370:   0000000054d2e3c0 0000000054d2e3d0
0x00000000560ff380:   0000000054d2e4a8 00000000000000d8
0x00000000560ff390:   00000000560ff760 000000005a0894f4
0x00000000560ff3a0:   0000000000000000 0000000000000000
0x00000000560ff3b0:   0000000054d2e3b8 00000000ecfcf0d0
0x00000000560ff3c0:   0000000054d27000 000000005a1520a3
0x00000000560ff3d0:   00000000560ff488 00000000560ff440
0x00000000560ff3e0:   0000000002268e10 000000005a826c0e
0x00000000560ff3f0:   0000000054d27000 0000000000000000
0x00000000560ff400:   0000000000000000 0000000000000000
0x00000000560ff410:   0000000000000000 000000005a81551f
0x00000000560ff420:   00000000560ff4d0 0000000000000001
0x00000000560ff430:   0000000056e13508 00000000560ff500 

Instructions: (pc=0x0000000059fba0e0)
0x0000000059fba0c0:   48 8b 8e 80 01 00 00 48 8b 86 a0 01 00 00 48 8b
0x0000000059fba0d0:   4c f9 08 48 63 5c b8 04 e8 43 1f ef ff 48 ff c7
0x0000000059fba0e0:   49 89 04 dc 49 3b ff 7c d7 eb 23 45 85 ff 7e 1e
0x0000000059fba0f0:   48 8b 86 80 01 00 00 48 8b 4c f8 08 e8 1f 1f ef 


Register to memory mapping:

RAX=0x00000000571e9a48 is an unknown value
RBX=0x000000000a120900 is an unknown value
RCX=0x0000000054d2e4b0 is an unknown value
RDX=0x0000000000000001 is an unknown value
RSP=0x00000000560ff340 is pointing into the stack for thread: 0x0000000054d27000
RBP=0x00000000560ff488 is pointing into the stack for thread: 0x0000000054d27000
RSI=0x00000000143faa78 is pointing into metadata
RDI=0x000000000000000b is an unknown value
R8 =0x0000000054d2d600 is an unknown value
R9 =0x0000000000000001 is an unknown value
R10=0x0000000000000000 is an unknown value
R11=0x00000000571e9a48 is an unknown value
R12=0x0000000057dfdf50 is an unknown value
R13=0x00000000560ff440 is pointing into the stack for thread: 0x0000000054d27000
R14=0x00000000560ff488 is pointing into the stack for thread: 0x0000000054d27000
R15=0x000000000000000d is an unknown value


Stack: [0x0000000056000000,0x0000000056100000],  sp=0x00000000560ff340,  free space=1020k
Native frames: (J=compiled Java code, j=interpreted, Vv=VM code, C=native code)
V  [jvm.dll+0x1aa0e0]
V  [jvm.dll+0x3420a3]
C  [jdwp.dll+0x551f]
C  [jdwp.dll+0xf0a8]
C  [jdwp.dll+0x1f2d5]
C  [jdwp.dll+0x1f4aa]
V  [jvm.dll+0x1bba58]
V  [jvm.dll+0x243434]
V  [jvm.dll+0x29a27a]
C  [msvcr100.dll+0x21d9f]
C  [msvcr100.dll+0x21e3b]
C  [kernel32.dll+0x1652d]
C  [ntdll.dll+0x2c521]


---------------  P R O C E S S  ---------------

Java Threads: ( => current thread )
  0x0000000057298800 JavaThread "Exec Stream Pumper" daemon [_thread_in_native, id=4400, stack(0x0000000059090000,0x0000000059190000)]
  0x0000000057483800 JavaThread "Exec Stream Pumper" daemon [_thread_in_native, id=4560, stack(0x0000000058e90000,0x0000000058f90000)]
  0x000000005729d800 JavaThread "Exec Default Executor" daemon [_thread_in_native, id=3700, stack(0x0000000058d20000,0x0000000058e20000)]
  0x00000000567c0800 JavaThread "Service Thread" daemon [_thread_blocked, id=4320, stack(0x0000000056c70000,0x0000000056d70000)]
  0x0000000054d43800 JavaThread "C1 CompilerThread1" daemon [_thread_blocked, id=2900, stack(0x0000000056690000,0x0000000056790000)]
  0x0000000054d50800 JavaThread "C2 CompilerThread0" daemon [_thread_blocked, id=1716, stack(0x00000000563f0000,0x00000000564f0000)]
  0x0000000054d38000 JavaThread "JDWP Command Reader" daemon [_thread_in_native, id=3076, stack(0x0000000055f00000,0x0000000056000000)]
  0x0000000054d30800 JavaThread "JDWP Event Helper Thread" daemon [_thread_blocked, id=2024, stack(0x0000000056230000,0x0000000056330000)]
=>0x0000000054d27000 JavaThread "JDWP Transport Listener: dt_socket" daemon [_thread_in_vm, id=4288, stack(0x0000000056000000,0x0000000056100000)]
  0x0000000054d1e800 JavaThread "Attach Listener" daemon [_thread_blocked, id=2364, stack(0x00000000556c0000,0x00000000557c0000)]
  0x0000000054d1c800 JavaThread "Signal Dispatcher" daemon [_thread_blocked, id=4380, stack(0x0000000055c30000,0x0000000055d30000)]
  0x0000000054d01800 JavaThread "Finalizer" daemon [_thread_blocked, id=4628, stack(0x0000000055ae0000,0x0000000055be0000)]
  0x0000000054cb8000 JavaThread "Reference Handler" daemon [_thread_blocked, id=4280, stack(0x0000000055960000,0x0000000055a60000)]
  0x000000000226f800 JavaThread "main" [_thread_blocked, id=1056, stack(0x00000000025c0000,0x00000000026c0000)]

Other Threads:
  0x0000000054cb0800 VMThread [stack: 0x00000000557c0000,0x00000000558c0000] [id=212]
  0x00000000567c2000 WatcherThread [stack: 0x00000000564f0000,0x00000000565f0000] [id=676]

VM state:not at safepoint (normal execution)

VM Mutex/Monitor currently owned by a thread: None

Heap:
 PSYoungGen      total 18944K, used 8206K [0x00000000eab80000, 0x00000000ed080000, 0x0000000100000000)
  eden space 16384K, 34% used [0x00000000eab80000,0x00000000eb10b9a0,0x00000000ebb80000)
  from space 2560K, 98% used [0x00000000ece00000,0x00000000ed078040,0x00000000ed080000)
  to   space 2560K, 0% used [0x00000000ebb80000,0x00000000ebb80000,0x00000000ebe00000)
 ParOldGen       total 44032K, used 5537K [0x00000000c0200000, 0x00000000c2d00000, 0x00000000eab80000)
  object space 44032K, 12% used [0x00000000c0200000,0x00000000c0768648,0x00000000c2d00000)
 Metaspace       used 16682K, capacity 16924K, committed 17152K, reserved 1064960K
  class space    used 2123K, capacity 2221K, committed 2304K, reserved 1048576K

Card table byte_map: [0x0000000011d50000,0x0000000011f50000] byte_map_base: 0x000000001174f000

Marking Bits: (ParMarkBitMap*) 0x000000005a620600
 Begin Bits: [0x0000000012190000, 0x0000000013188000)
 End Bits:   [0x0000000013188000, 0x0000000014180000)

Polling page: 0x0000000000140000

CodeCache: size=245760Kb used=4503Kb max_used=4601Kb free=241256Kb
 bounds [0x0000000002990000, 0x0000000002e40000, 0x0000000011990000]
 total_blobs=1662 nmethods=1297 adapters=288
 compilation: enabled

Compilation events (10 events):
Event: 82.396 Thread 0x0000000054d43800 1462       3       java.util.Formatter$Conversion::isText (32 bytes)
Event: 82.396 Thread 0x0000000054d43800 nmethod 1462 0x0000000002b04090 code [0x0000000002b041e0, 0x0000000002b04330]
Event: 265.177 Thread 0x0000000054d50800 1463       4       java.util.regex.Pattern$BmpCharProperty::match (50 bytes)
Event: 265.181 Thread 0x0000000054d50800 nmethod 1463 0x0000000002c53d90 code [0x0000000002c53ee0, 0x0000000002c540f8]
Event: 1927.513 Thread 0x0000000054d50800 1464       4       java.util.Formatter$Conversion::isGeneral (64 bytes)
Event: 1927.514 Thread 0x0000000054d50800 nmethod 1464 0x0000000002da4810 code [0x0000000002da4b40, 0x0000000002da4bb8]
Event: 3180.217 Thread 0x0000000054d43800 1465       1       org.openqa.selenium.remote.RemoteWebDriver::getCapabilities (5 bytes)
Event: 3180.217 Thread 0x0000000054d43800 nmethod 1465 0x0000000002be6cd0 code [0x0000000002be6e20, 0x0000000002be6f30]
Event: 3180.217 Thread 0x0000000054d43800 1466       1       org.openqa.selenium.remote.RemoteWebDriver::getSessionId (5 bytes)
Event: 3180.217 Thread 0x0000000054d43800 nmethod 1466 0x0000000002b849d0 code [0x0000000002b84b20, 0x0000000002b84c30]

GC Heap History (8 events):
Event: 4.555 GC heap before
{Heap before GC invocations=1 (full 0):
 PSYoungGen      total 18944K, used 16384K [0x00000000eab80000, 0x00000000ec080000, 0x0000000100000000)
  eden space 16384K, 100% used [0x00000000eab80000,0x00000000ebb80000,0x00000000ebb80000)
  from space 2560K, 0% used [0x00000000ebe00000,0x00000000ebe00000,0x00000000ec080000)
  to   space 2560K, 0% used [0x00000000ebb80000,0x00000000ebb80000,0x00000000ebe00000)
 ParOldGen       total 44032K, used 0K [0x00000000c0200000, 0x00000000c2d00000, 0x00000000eab80000)
  object space 44032K, 0% used [0x00000000c0200000,0x00000000c0200000,0x00000000c2d00000)
 Metaspace       used 7201K, capacity 7318K, committed 7552K, reserved 1056768K
  class space    used 850K, capacity 881K, committed 896K, reserved 1048576K
Event: 4.575 GC heap after
Heap after GC invocations=1 (full 0):
 PSYoungGen      total 18944K, used 2541K [0x00000000eab80000, 0x00000000ec080000, 0x0000000100000000)
  eden space 16384K, 0% used [0x00000000eab80000,0x00000000eab80000,0x00000000ebb80000)
  from space 2560K, 99% used [0x00000000ebb80000,0x00000000ebdfb430,0x00000000ebe00000)
  to   space 2560K, 0% used [0x00000000ebe00000,0x00000000ebe00000,0x00000000ec080000)
 ParOldGen       total 44032K, used 257K [0x00000000c0200000, 0x00000000c2d00000, 0x00000000eab80000)
  object space 44032K, 0% used [0x00000000c0200000,0x00000000c0240788,0x00000000c2d00000)
 Metaspace       used 7201K, capacity 7318K, committed 7552K, reserved 1056768K
  class space    used 850K, capacity 881K, committed 896K, reserved 1048576K
}
Event: 5.286 GC heap before
{Heap before GC invocations=2 (full 0):
 PSYoungGen      total 18944K, used 18925K [0x00000000eab80000, 0x00000000ec080000, 0x0000000100000000)
  eden space 16384K, 100% used [0x00000000eab80000,0x00000000ebb80000,0x00000000ebb80000)
  from space 2560K, 99% used [0x00000000ebb80000,0x00000000ebdfb430,0x00000000ebe00000)
  to   space 2560K, 0% used [0x00000000ebe00000,0x00000000ebe00000,0x00000000ec080000)
 ParOldGen       total 44032K, used 257K [0x00000000c0200000, 0x00000000c2d00000, 0x00000000eab80000)
  object space 44032K, 0% used [0x00000000c0200000,0x00000000c0240788,0x00000000c2d00000)
 Metaspace       used 9728K, capacity 9814K, committed 9984K, reserved 1058816K
  class space    used 1246K, capacity 1265K, committed 1280K, reserved 1048576K
Event: 5.293 GC heap after
Heap after GC invocations=2 (full 0):
 PSYoungGen      total 18944K, used 2537K [0x00000000eab80000, 0x00000000ec080000, 0x0000000100000000)
  eden space 16384K, 0% used [0x00000000eab80000,0x00000000eab80000,0x00000000ebb80000)
  from space 2560K, 99% used [0x00000000ebe00000,0x00000000ec07a680,0x00000000ec080000)
  to   space 2560K, 0% used [0x00000000ebb80000,0x00000000ebb80000,0x00000000ebe00000)
 ParOldGen       total 44032K, used 1102K [0x00000000c0200000, 0x00000000c2d00000, 0x00000000eab80000)
  object space 44032K, 2% used [0x00000000c0200000,0x00000000c0313968,0x00000000c2d00000)
 Metaspace       used 9728K, capacity 9814K, committed 9984K, reserved 1058816K
  class space    used 1246K, capacity 1265K, committed 1280K, reserved 1048576K
}
Event: 6.180 GC heap before
{Heap before GC invocations=3 (full 0):
 PSYoungGen      total 18944K, used 18921K [0x00000000eab80000, 0x00000000ec080000, 0x0000000100000000)
  eden space 16384K, 100% used [0x00000000eab80000,0x00000000ebb80000,0x00000000ebb80000)
  from space 2560K, 99% used [0x00000000ebe00000,0x00000000ec07a680,0x00000000ec080000)
  to   space 2560K, 0% used [0x00000000ebb80000,0x00000000ebb80000,0x00000000ebe00000)
 ParOldGen       total 44032K, used 1102K [0x00000000c0200000, 0x00000000c2d00000, 0x00000000eab80000)
  object space 44032K, 2% used [0x00000000c0200000,0x00000000c0313968,0x00000000c2d00000)
 Metaspace       used 13221K, capacity 13420K, committed 13568K, reserved 1060864K
  class space    used 1669K, capacity 1733K, committed 1792K, reserved 1048576K
Event: 6.194 GC heap after
Heap after GC invocations=3 (full 0):
 PSYoungGen      total 18944K, used 2544K [0x00000000eab80000, 0x00000000ed080000, 0x0000000100000000)
  eden space 16384K, 0% used [0x00000000eab80000,0x00000000eab80000,0x00000000ebb80000)
  from space 2560K, 99% used [0x00000000ebb80000,0x00000000ebdfc020,0x00000000ebe00000)
  to   space 2560K, 0% used [0x00000000ece00000,0x00000000ece00000,0x00000000ed080000)
 ParOldGen       total 44032K, used 3021K [0x00000000c0200000, 0x00000000c2d00000, 0x00000000eab80000)
  object space 44032K, 6% used [0x00000000c0200000,0x00000000c04f36d0,0x00000000c2d00000)
 Metaspace       used 13221K, capacity 13420K, committed 13568K, reserved 1060864K
  class space    used 1669K, capacity 1733K, committed 1792K, reserved 1048576K
}
Event: 13.862 GC heap before
{Heap before GC invocations=4 (full 0):
 PSYoungGen      total 18944K, used 18928K [0x00000000eab80000, 0x00000000ed080000, 0x0000000100000000)
  eden space 16384K, 100% used [0x00000000eab80000,0x00000000ebb80000,0x00000000ebb80000)
  from space 2560K, 99% used [0x00000000ebb80000,0x00000000ebdfc020,0x00000000ebe00000)
  to   space 2560K, 0% used [0x00000000ece00000,0x00000000ece00000,0x00000000ed080000)
 ParOldGen       total 44032K, used 3021K [0x00000000c0200000, 0x00000000c2d00000, 0x00000000eab80000)
  object space 44032K, 6% used [0x00000000c0200000,0x00000000c04f36d0,0x00000000c2d00000)
 Metaspace       used 16013K, capacity 16204K, committed 16256K, reserved 1062912K
  class space    used 2071K, capacity 2149K, committed 2176K, reserved 1048576K
Event: 13.877 GC heap after
Heap after GC invocations=4 (full 0):
 PSYoungGen      total 18944K, used 2528K [0x00000000eab80000, 0x00000000ed080000, 0x0000000100000000)
  eden space 16384K, 0% used [0x00000000eab80000,0x00000000eab80000,0x00000000ebb80000)
  from space 2560K, 98% used [0x00000000ece00000,0x00000000ed078040,0x00000000ed080000)
  to   space 2560K, 0% used [0x00000000ebb80000,0x00000000ebb80000,0x00000000ebe00000)
 ParOldGen       total 44032K, used 5537K [0x00000000c0200000, 0x00000000c2d00000, 0x00000000eab80000)
  object space 44032K, 12% used [0x00000000c0200000,0x00000000c0768648,0x00000000c2d00000)
 Metaspace       used 16013K, capacity 16204K, committed 16256K, reserved 1062912K
  class space    used 2071K, capacity 2149K, committed 2176K, reserved 1048576K
}

Deoptimization events (10 events):
Event: 5.468 Thread 0x000000000226f800 Uncommon trap: reason=unstable_if action=reinterpret pc=0x0000000002bd9ed8 method=sun.misc.MetaIndex.mayContain(Ljava/lang/String;)Z @ 38
Event: 5.588 Thread 0x000000000226f800 Uncommon trap: reason=unstable_if action=reinterpret pc=0x0000000002b84c60 method=sun.misc.MetaIndex.mayContain(Ljava/lang/String;)Z @ 38
Event: 5.797 Thread 0x000000000226f800 Uncommon trap: reason=unstable_if action=reinterpret pc=0x0000000002c8a494 method=java.lang.CharacterDataLatin1.digit(II)I @ 82
Event: 5.801 Thread 0x000000000226f800 Uncommon trap: reason=unstable_if action=reinterpret pc=0x0000000002c91db4 method=java.util.regex.Pattern$BmpCharProperty.match(Ljava/util/regex/Matcher;ILjava/lang/CharSequence;)Z @ 5
Event: 6.310 Thread 0x000000000226f800 Uncommon trap: reason=unstable_if action=reinterpret pc=0x0000000002b47aac method=java.lang.String.replace(CC)Ljava/lang/String; @ 2
Event: 7.795 Thread 0x0000000057483800 Uncommon trap: reason=unstable_if action=reinterpret pc=0x0000000002d8f238 method=org.openqa.selenium.io.CircularOutputStream.write(I)V @ 9
Event: 7.989 Thread 0x0000000057483800 Uncommon trap: reason=unstable_if action=reinterpret pc=0x0000000002d964e8 method=org.openqa.selenium.io.CircularOutputStream.write(I)V @ 52
Event: 13.434 Thread 0x000000000226f800 Uncommon trap: reason=unstable_if action=reinterpret pc=0x0000000002c88d70 method=java.lang.String.regionMatches(ZILjava/lang/String;II)Z @ 123
Event: 13.665 Thread 0x000000000226f800 Uncommon trap: reason=unstable_if action=reinterpret pc=0x0000000002c8641c method=java.lang.CharacterDataLatin1.digit(II)I @ 82
Event: 13.669 Thread 0x000000000226f800 Uncommon trap: reason=unstable_if action=reinterpret pc=0x0000000002da4b34 method=java.lang.String.lastIndexOf([CII[CIII)I @ 17

Internal exceptions (10 events):
Event: 7.336 Thread 0x000000000226f800 Exception <a 'java/net/ConnectException': Connection refused: connect> (0x00000000eaeb7ff0) thrown at [D:\re\workspace\8-2-build-windows-amd64-cygwin\jdk8u77\6540\hotspot\src\share\vm\prims\jni.cpp, line 735]
Event: 8.436 Thread 0x000000000226f800 Exception <a 'java/net/ConnectException': Connection refused: connect> (0x00000000eaeb9638) thrown at [D:\re\workspace\8-2-build-windows-amd64-cygwin\jdk8u77\6540\hotspot\src\share\vm\prims\jni.cpp, line 735]
Event: 9.544 Thread 0x000000000226f800 Exception <a 'java/net/ConnectException': Connection refused: connect> (0x00000000eaebac80) thrown at [D:\re\workspace\8-2-build-windows-amd64-cygwin\jdk8u77\6540\hotspot\src\share\vm\prims\jni.cpp, line 735]
Event: 10.645 Thread 0x000000000226f800 Exception <a 'java/net/ConnectException': Connection refused: connect> (0x00000000eaebc2c8) thrown at [D:\re\workspace\8-2-build-windows-amd64-cygwin\jdk8u77\6540\hotspot\src\share\vm\prims\jni.cpp, line 735]
Event: 11.752 Thread 0x000000000226f800 Exception <a 'java/net/ConnectException': Connection refused: connect> (0x00000000eaebd910) thrown at [D:\re\workspace\8-2-build-windows-amd64-cygwin\jdk8u77\6540\hotspot\src\share\vm\prims\jni.cpp, line 735]
Event: 12.564 Thread 0x000000000226f800 Exception <a 'java/lang/ArrayIndexOutOfBoundsException'> (0x00000000eb44d0d8) thrown at [D:\re\workspace\8-2-build-windows-amd64-cygwin\jdk8u77\6540\hotspot\src\share\vm\runtime\sharedRuntime.cpp, line 605]
Event: 12.565 Thread 0x000000000226f800 Exception <a 'java/lang/ArrayIndexOutOfBoundsException'> (0x00000000eb44e6d0) thrown at [D:\re\workspace\8-2-build-windows-amd64-cygwin\jdk8u77\6540\hotspot\src\share\vm\runtime\sharedRuntime.cpp, line 605]
Event: 12.566 Thread 0x000000000226f800 Exception <a 'java/lang/ArrayIndexOutOfBoundsException'> (0x00000000eb450308) thrown at [D:\re\workspace\8-2-build-windows-amd64-cygwin\jdk8u77\6540\hotspot\src\share\vm\runtime\sharedRuntime.cpp, line 605]
Event: 12.567 Thread 0x000000000226f800 Exception <a 'java/lang/ArrayIndexOutOfBoundsException'> (0x00000000eb451730) thrown at [D:\re\workspace\8-2-build-windows-amd64-cygwin\jdk8u77\6540\hotspot\src\share\vm\runtime\sharedRuntime.cpp, line 605]
Event: 13.665 Thread 0x000000000226f800 Exception <a 'java/io/FileNotFoundException'> (0x00000000eba51ac0) thrown at [D:\re\workspace\8-2-build-windows-amd64-cygwin\jdk8u77\6540\hotspot\src\share\vm\prims\jni.cpp, line 709]

Events (10 events):
Event: 3538.198 Executing VM operation: GetOrSetLocal
Event: 3538.198 Executing VM operation: GetOrSetLocal done
Event: 3538.203 Executing VM operation: GetOrSetLocal
Event: 3538.203 Executing VM operation: GetOrSetLocal done
Event: 3538.208 Executing VM operation: GetOrSetLocal
Event: 3538.208 Executing VM operation: GetOrSetLocal done
Event: 3538.254 Executing VM operation: GetOrSetLocal
Event: 3538.255 Executing VM operation: GetOrSetLocal done
Event: 3538.261 Executing VM operation: ForceSafepoint
Event: 3538.261 Executing VM operation: ForceSafepoint done


Dynamic libraries:
0x000000013ffc0000 - 0x000000013fff7000 	C:\Program Files\Java\jdk1.8.0_77\bin\java.exe
0x0000000077bf0000 - 0x0000000077d99000 	C:\Windows\SYSTEM32\ntdll.dll
0x00000000779d0000 - 0x0000000077aef000 	C:\Windows\system32\kernel32.dll
0x000007fefdc10000 - 0x000007fefdc7b000 	C:\Windows\system32\KERNELBASE.dll
0x000007fefe750000 - 0x000007fefe82b000 	C:\Windows\system32\ADVAPI32.dll
0x000007fefe240000 - 0x000007fefe2df000 	C:\Windows\system32\msvcrt.dll
0x000007fefe830000 - 0x000007fefe84f000 	C:\Windows\SYSTEM32\sechost.dll
0x000007fefe330000 - 0x000007fefe45d000 	C:\Windows\system32\RPCRT4.dll
0x0000000077af0000 - 0x0000000077bea000 	C:\Windows\system32\USER32.dll
0x000007fefdf10000 - 0x000007fefdf77000 	C:\Windows\system32\GDI32.dll
0x000007fefe670000 - 0x000007fefe67e000 	C:\Windows\system32\LPK.dll
0x000007feff7c0000 - 0x000007feff889000 	C:\Windows\system32\USP10.dll
0x000007fefc770000 - 0x000007fefc964000 	C:\Windows\WinSxS\amd64_microsoft.windows.common-controls_6595b64144ccf1df_6.0.7601.17514_none_fa396087175ac9ac\COMCTL32.dll
0x000007fefe0b0000 - 0x000007fefe121000 	C:\Windows\system32\SHLWAPI.dll
0x000007fefe130000 - 0x000007fefe15e000 	C:\Windows\system32\IMM32.DLL
0x000007feffd70000 - 0x000007feffe79000 	C:\Windows\system32\MSCTF.dll
0x000000005a6a0000 - 0x000000005a772000 	C:\Program Files\Java\jdk1.8.0_77\jre\bin\msvcr100.dll
0x0000000059e10000 - 0x000000005a6a0000 	C:\Program Files\Java\jdk1.8.0_77\jre\bin\server\jvm.dll
0x000007fef2900000 - 0x000007fef2909000 	C:\Windows\system32\WSOCK32.dll
0x000007fefe2e0000 - 0x000007fefe32d000 	C:\Windows\system32\WS2_32.dll
0x000007fefe6a0000 - 0x000007fefe6a8000 	C:\Windows\system32\NSI.dll
0x000007fefb990000 - 0x000007fefb9cb000 	C:\Windows\system32\WINMM.dll
0x000007fefcc90000 - 0x000007fefcc9c000 	C:\Windows\system32\VERSION.dll
0x0000000077dc0000 - 0x0000000077dc7000 	C:\Windows\system32\PSAPI.DLL
0x000000005ed90000 - 0x000000005ed9f000 	C:\Program Files\Java\jdk1.8.0_77\jre\bin\verify.dll
0x000000005ed60000 - 0x000000005ed89000 	C:\Program Files\Java\jdk1.8.0_77\jre\bin\java.dll
0x000000005a810000 - 0x000000005a845000 	C:\Program Files\Java\jdk1.8.0_77\jre\bin\jdwp.dll
0x000000005ed10000 - 0x000000005ed18000 	C:\Program Files\Java\jdk1.8.0_77\jre\bin\npt.dll
0x000000005ed40000 - 0x000000005ed56000 	C:\Program Files\Java\jdk1.8.0_77\jre\bin\zip.dll
0x000007fefe850000 - 0x000007feff5d8000 	C:\Windows\system32\SHELL32.dll
0x000007fefe460000 - 0x000007fefe663000 	C:\Windows\system32\ole32.dll
0x000007fefdb40000 - 0x000007fefdb4f000 	C:\Windows\system32\profapi.dll
0x000000005a800000 - 0x000000005a809000 	C:\Program Files\Java\jdk1.8.0_77\jre\bin\dt_socket.dll
0x000007fefd370000 - 0x000007fefd3c5000 	C:\Windows\system32\mswsock.dll
0x000007fefcd60000 - 0x000007fefcd67000 	C:\Windows\System32\wshtcpip.dll
0x000000005ed20000 - 0x000000005ed3a000 	C:\Program Files\Java\jdk1.8.0_77\jre\bin\net.dll
0x000007fefd360000 - 0x000007fefd367000 	C:\Windows\System32\wship6.dll
0x000007fefd1f0000 - 0x000007fefd24b000 	C:\Windows\system32\DNSAPI.dll
0x000007fefb4c0000 - 0x000007fefb4e7000 	C:\Windows\system32\IPHLPAPI.DLL
0x000007fefb4b0000 - 0x000007fefb4bb000 	C:\Windows\system32\WINNSI.DLL
0x000007fef9570000 - 0x000007fef9578000 	C:\Windows\system32\rasadhlp.dll
0x000007fefb360000 - 0x000007fefb3b3000 	C:\Windows\System32\fwpuclnt.dll
0x000007fefb330000 - 0x000007fefb341000 	C:\Windows\system32\dhcpcsvc6.DLL
0x000007fefb310000 - 0x000007fefb328000 	C:\Windows\system32\dhcpcsvc.DLL
0x000007fefd3d0000 - 0x000007fefd3e7000 	C:\Windows\system32\CRYPTSP.dll
0x000007fefd0d0000 - 0x000007fefd117000 	C:\Windows\system32\rsaenh.dll
0x000007fefce80000 - 0x000007fefce9e000 	C:\Windows\system32\USERENV.dll
0x000007fefda30000 - 0x000007fefda3f000 	C:\Windows\system32\CRYPTBASE.dll
0x000000005ece0000 - 0x000000005ecf1000 	C:\Program Files\Java\jdk1.8.0_77\jre\bin\nio.dll
0x000000005a7d0000 - 0x000000005a7f4000 	C:\Program Files\Java\jdk1.8.0_77\jre\bin\sunec.dll
0x000007fefd9d0000 - 0x000007fefda27000 	C:\Windows\system32\apphelp.dll
0x000007fef2260000 - 0x000007fef2385000 	C:\Windows\system32\dbghelp.dll

VM Arguments:
jvm_args: -agentlib:jdwp=transport=dt_socket,address=127.0.0.1:49517,suspend=y,server=n -ea -Didea.junit.sm_runner -Dfile.encoding=UTF-8 
java_command: com.intellij.rt.execution.junit.JUnitStarter -ideVersion5 Biz_1.SpecialistCreation,d_deleteCreatedcategory
java_class_path (initial): C:\Program Files (x86)\JetBrains\IntelliJ IDEA Community Edition 2016.1\lib\idea_rt.jar;C:\Program Files (x86)\JetBrains\IntelliJ IDEA Community Edition 2016.1\plugins\junit\lib\junit-rt.jar;C:\Program Files\Java\jdk1.8.0_77\jre\lib\charsets.jar;C:\Program Files\Java\jdk1.8.0_77\jre\lib\deploy.jar;C:\Program Files\Java\jdk1.8.0_77\jre\lib\ext\access-bridge-64.jar;C:\Program Files\Java\jdk1.8.0_77\jre\lib\ext\cldrdata.jar;C:\Program Files\Java\jdk1.8.0_77\jre\lib\ext\dnsns.jar;C:\Program Files\Java\jdk1.8.0_77\jre\lib\ext\jaccess.jar;C:\Program Files\Java\jdk1.8.0_77\jre\lib\ext\jfxrt.jar;C:\Program Files\Java\jdk1.8.0_77\jre\lib\ext\localedata.jar;C:\Program Files\Java\jdk1.8.0_77\jre\lib\ext\nashorn.jar;C:\Program Files\Java\jdk1.8.0_77\jre\lib\ext\sunec.jar;C:\Program Files\Java\jdk1.8.0_77\jre\lib\ext\sunjce_provider.jar;C:\Program Files\Java\jdk1.8.0_77\jre\lib\ext\sunmscapi.jar;C:\Program Files\Java\jdk1.8.0_77\jre\lib\ext\sunpkcs11.jar;C:\Program Files\Java\jdk1.8.0_77\jre\lib\ext\zipfs.jar;C:\Program Files\Java\jdk1.8.0_77\jre\lib\javaws.jar;C:\Program Files\Java\jdk1.8.0_77\jre\lib\jce.jar;C:\Program Files\Java\jdk1.8.0_77\jre\lib\jfr.jar;C:\Program Files\Java\jdk1.8.0_77\jre\lib\jfxswt.jar;C:\Program Files\Java\jdk1.8.0_77\jre\lib\jsse.jar;C:\Program Files\Java\jdk1.8.0_77\jre\lib\management-agent.jar;C:\Program Files\Java\jdk1.8.0_77\jre\lib\plugin.jar;C:\Program Files\Java\jdk1.8.0_77\jre\lib\resources.jar;C:\Program Files\Java\jdk1.8.0_77\jre\lib\rt.jar;C:\Users\egolub\IdeaProjects\Biz_1 - копия\target\test-classes;C:\Users\egolub\IdeaProjects\Biz_1 - копия\target\classes;C:\Users\egolub\.m2\repository\junit\junit\4.12\junit-4.12.jar;C:\Users\egolub\.m2\repository\org\hamcrest\hamcrest-core\1.3\hamcrest-core-1.3.jar;C:\Users\egolub\.m2\repository\org\seleniumhq\selenium\selenium-java\2.53.1\selenium-java-2.53.1.jar;C:\Users\egolub\.m2\repository\org\seleniumhq\selenium\selenium-chrome-driver\2.53.1\selenium-chrome-driver-2.53
Launcher Type: SUN_STANDARD

Environment Variables:
PATH=C:\ProgramData\Oracle\Java\javapath;C:\Program Files (x86)\PC Connectivity Solution\;C:\Windows\system32;C:\Windows;C:\Windows\System32\Wbem;C:\Windows\System32\WindowsPowerShell\v1.0\;c:\Program Files (x86)\Microsoft SQL Server\100\Tools\Binn\;c:\Program Files\Microsoft SQL Server\100\Tools\Binn\;c:\Program Files\Microsoft SQL Server\100\DTS\Binn\;c:\Program Files (x86)\Microsoft SQL Server\100\Tools\Binn\VSShell\Common7\IDE\;c:\Program Files (x86)\Microsoft SQL Server\100\DTS\Binn\;C:\Program Files\Java\jdk1.8.0_77\bin;C:\Program Files\Java\apache-maven-3.3.9\bin;C:\Program Files\Git\cmd;C:\Program Files (x86)\Skype\Phone\
USERNAME=egolub
OS=Windows_NT
PROCESSOR_IDENTIFIER=Intel64 Family 6 Model 15 Stepping 13, GenuineIntel



---------------  S Y S T E M  ---------------

OS: Windows 7 , 64 bit Build 7601 (6.1.7601.17514)

CPU:total 2 (2 cores per cpu, 1 threads per core) family 6 model 15 stepping 13, cmov, cx8, fxsr, mmx, sse, sse2, sse3, ssse3, tsc

Memory: 4k page, physical 4183544k(1032680k free), swap 8365244k(4312680k free)

vm_info: Java HotSpot(TM) 64-Bit Server VM (25.77-b03) for windows-amd64 JRE (1.8.0_77-b03), built on Mar 20 2016 22:01:33 by "java_re" with MS VC++ 10.0 (VS2010)

time: Thu Aug 04 13:57:15 2016
elapsed time: 3538 seconds (0d 0h 58m 58s)

